<?xml version="1.0" encoding="UTF-8"?>
<coverage generated="1756829617801" clover="3.2.0">
  <project timestamp="1756829617801" name="All files">
    <metrics statements="8" coveredstatements="8" conditionals="4" coveredconditionals="4" methods="2" coveredmethods="2" elements="14" coveredelements="14" complexity="0" loc="8" ncloc="8" packages="1" files="1" classes="1"/>
    <file name="sort.js" path="D:\js_homeworks\hw_sort_by_value\src\js\sort.js">
      <metrics statements="8" coveredstatements="8" conditionals="4" coveredconditionals="4" methods="2" coveredmethods="2"/>
      <line num="2" count="2" type="stmt"/>
      <line num="4" count="2" type="stmt"/>
      <line num="5" count="10" type="cond" truecount="2" falsecount="0"/>
      <line num="6" count="4" type="stmt"/>
      <line num="10" count="2" type="stmt"/>
      <line num="11" count="10" type="cond" truecount="2" falsecount="0"/>
      <line num="13" count="6" type="stmt"/>
      <line num="17" count="2" type="stmt"/>
    </file>
  </project>
</coverage>
